[2019-05-09 18:17:51] production.ERROR: file_get_contents(C:\Users\tajda\Desktop\software-project\.env): failed to open stream: No such file or directory {"exception":"[object] (ErrorException(code: 0): file_get_contents(C:\\Users\\tajda\\Desktop\\software-project\\.env): failed to open stream: No such file or directory at C:\\Users\\tajda\\Desktop\\software-project\\vendor\\laravel\\framework\\src\\Illuminate\\Foundation\\Console\\KeyGenerateCommand.php:96)
[stacktrace]
#0 [internal function]: Illuminate\\Foundation\\Bootstrap\\HandleExceptions->handleError(2, 'file_get_conten...', 'C:\\\\Users\\\\tajda\\\\...', 96, Array)
#1 C:\\Users\\tajda\\Desktop\\software-project\\vendor\\laravel\\framework\\src\\Illuminate\\Foundation\\Console\\KeyGenerateCommand.php(96): file_get_contents('C:\\\\Users\\\\tajda\\\\...')
#2 C:\\Users\\tajda\\Desktop\\software-project\\vendor\\laravel\\framework\\src\\Illuminate\\Foundation\\Console\\KeyGenerateCommand.php(80): Illuminate\\Foundation\\Console\\KeyGenerateCommand->writeNewEnvironmentFileWith('base64:Cc7ty4MO...')
#3 C:\\Users\\tajda\\Desktop\\software-project\\vendor\\laravel\\framework\\src\\Illuminate\\Foundation\\Console\\KeyGenerateCommand.php(45): Illuminate\\Foundation\\Console\\KeyGenerateCommand->setKeyInEnvironmentFile('base64:Cc7ty4MO...')
#4 [internal function]: Illuminate\\Foundation\\Console\\KeyGenerateCommand->handle()
#5 C:\\Users\\tajda\\Desktop\\software-project\\vendor\\laravel\\framework\\src\\Illuminate\\Container\\BoundMethod.php(32): call_user_func_array(Array, Array)
#6 C:\\Users\\tajda\\Desktop\\software-project\\vendor\\laravel\\framework\\src\\Illuminate\\Container\\BoundMethod.php(90): Illuminate\\Container\\BoundMethod::Illuminate\\Container\\{closure}()
#7 C:\\Users\\tajda\\Desktop\\software-project\\vendor\\laravel\\framework\\src\\Illuminate\\Container\\BoundMethod.php(34): Illuminate\\Container\\BoundMethod::callBoundMethod(Object(Illuminate\\Foundation\\Application), Array, Object(Closure))
#8 C:\\Users\\tajda\\Desktop\\software-project\\vendor\\laravel\\framework\\src\\Illuminate\\Container\\Container.php(580): Illuminate\\Container\\BoundMethod::call(Object(Illuminate\\Foundation\\Application), Array, Array, NULL)
#9 C:\\Users\\tajda\\Desktop\\software-project\\vendor\\laravel\\framework\\src\\Illuminate\\Console\\Command.php(183): Illuminate\\Container\\Container->call(Array)
#10 C:\\Users\\tajda\\Desktop\\software-project\\vendor\\symfony\\console\\Command\\Command.php(255): Illuminate\\Console\\Command->execute(Object(Symfony\\Component\\Console\\Input\\ArgvInput), Object(Illuminate\\Console\\OutputStyle))
#11 C:\\Users\\tajda\\Desktop\\software-project\\vendor\\laravel\\framework\\src\\Illuminate\\Console\\Command.php(170): Symfony\\Component\\Console\\Command\\Command->run(Object(Symfony\\Component\\Console\\Input\\ArgvInput), Object(Illuminate\\Console\\OutputStyle))
#12 C:\\Users\\tajda\\Desktop\\software-project\\vendor\\symfony\\console\\Application.php(908): Illuminate\\Console\\Command->run(Object(Symfony\\Component\\Console\\Input\\ArgvInput), Object(Symfony\\Component\\Console\\Output\\ConsoleOutput))
#13 C:\\Users\\tajda\\Desktop\\software-project\\vendor\\symfony\\console\\Application.php(269): Symfony\\Component\\Console\\Application->doRunCommand(Object(Illuminate\\Foundation\\Console\\KeyGenerateCommand), Object(Symfony\\Component\\Console\\Input\\ArgvInput), Object(Symfony\\Component\\Console\\Output\\ConsoleOutput))
#14 C:\\Users\\tajda\\Desktop\\software-project\\vendor\\symfony\\console\\Application.php(145): Symfony\\Component\\Console\\Application->doRun(Object(Symfony\\Component\\Console\\Input\\ArgvInput), Object(Symfony\\Component\\Console\\Output\\ConsoleOutput))
#15 C:\\Users\\tajda\\Desktop\\software-project\\vendor\\laravel\\framework\\src\\Illuminate\\Console\\Application.php(90): Symfony\\Component\\Console\\Application->run(Object(Symfony\\Component\\Console\\Input\\ArgvInput), Object(Symfony\\Component\\Console\\Output\\ConsoleOutput))
#16 C:\\Users\\tajda\\Desktop\\software-project\\vendor\\laravel\\framework\\src\\Illuminate\\Foundation\\Console\\Kernel.php(122): Illuminate\\Console\\Application->run(Object(Symfony\\Component\\Console\\Input\\ArgvInput), Object(Symfony\\Component\\Console\\Output\\ConsoleOutput))
#17 C:\\Users\\tajda\\Desktop\\software-project\\artisan(37): Illuminate\\Foundation\\Console\\Kernel->handle(Object(Symfony\\Component\\Console\\Input\\ArgvInput), Object(Symfony\\Component\\Console\\Output\\ConsoleOutput))
#18 {main}
"} 
[2019-05-09 18:25:15] production.ERROR: No application encryption key has been specified. {"exception":"[object] (RuntimeException(code: 0): No application encryption key has been specified. at C:\\Users\\tajda\\Desktop\\software-project\\vendor\\laravel\\framework\\src\\Illuminate\\Encryption\\EncryptionServiceProvider.php:44)
[stacktrace]
#0 C:\\Users\\tajda\\Desktop\\software-project\\vendor\\laravel\\framework\\src\\Illuminate\\Support\\helpers.php(1122): Illuminate\\Encryption\\EncryptionServiceProvider->Illuminate\\Encryption\\{closure}(NULL)
#1 C:\\Users\\tajda\\Desktop\\software-project\\vendor\\laravel\\framework\\src\\Illuminate\\Encryption\\EncryptionServiceProvider.php(48): tap(NULL, Object(Closure))
#2 C:\\Users\\tajda\\Desktop\\software-project\\vendor\\laravel\\framework\\src\\Illuminate\\Encryption\\EncryptionServiceProvider.php(24): Illuminate\\Encryption\\EncryptionServiceProvider->key(Array)
#3 C:\\Users\\tajda\\Desktop\\software-project\\vendor\\laravel\\framework\\src\\Illuminate\\Container\\Container.php(791): Illuminate\\Encryption\\EncryptionServiceProvider->Illuminate\\Encryption\\{closure}(Object(Illuminate\\Foundation\\Application), Array)
#4 C:\\Users\\tajda\\Desktop\\software-project\\vendor\\laravel\\framework\\src\\Illuminate\\Container\\Container.php(671): Illuminate\\Container\\Container->build(Object(Closure))
#5 C:\\Users\\tajda\\Desktop\\software-project\\vendor\\laravel\\framework\\src\\Illuminate\\Container\\Container.php(619): Illuminate\\Container\\Container->resolve('encrypter', Array)
#6 C:\\Users\\tajda\\Desktop\\software-project\\vendor\\laravel\\framework\\src\\Illuminate\\Foundation\\Application.php(757): Illuminate\\Container\\Container->make('encrypter', Array)
#7 C:\\Users\\tajda\\Desktop\\software-project\\vendor\\laravel\\framework\\src\\Illuminate\\Container\\Container.php(929): Illuminate\\Foundation\\Application->make('encrypter')
#8 C:\\Users\\tajda\\Desktop\\software-project\\vendor\\laravel\\framework\\src\\Illuminate\\Container\\Container.php(857): Illuminate\\Container\\Container->resolveClass(Object(ReflectionParameter))
#9 C:\\Users\\tajda\\Desktop\\software-project\\vendor\\laravel\\framework\\src\\Illuminate\\Container\\Container.php(822): Illuminate\\Container\\Container->resolveDependencies(Array)
#10 C:\\Users\\tajda\\Desktop\\software-project\\vendor\\laravel\\framework\\src\\Illuminate\\Container\\Container.php(671): Illuminate\\Container\\Container->build('App\\\\Http\\\\Middle...')
#11 C:\\Users\\tajda\\Desktop\\software-project\\vendor\\laravel\\framework\\src\\Illuminate\\Container\\Container.php(619): Illuminate\\Container\\Container->resolve('App\\\\Http\\\\Middle...', Array)
#12 C:\\Users\\tajda\\Desktop\\software-project\\vendor\\laravel\\framework\\src\\Illuminate\\Foundation\\Application.php(757): Illuminate\\Container\\Container->make('App\\\\Http\\\\Middle...', Array)
#13 C:\\Users\\tajda\\Desktop\\software-project\\vendor\\laravel\\framework\\src\\Illuminate\\Pipeline\\Pipeline.php(152): Illuminate\\Foundation\\Application->make('App\\\\Http\\\\Middle...')
#14 C:\\Users\\tajda\\Desktop\\software-project\\vendor\\laravel\\framework\\src\\Illuminate\\Routing\\Pipeline.php(53): Illuminate\\Pipeline\\Pipeline->Illuminate\\Pipeline\\{closure}(Object(Illuminate\\Http\\Request))
#15 C:\\Users\\tajda\\Desktop\\software-project\\vendor\\laravel\\framework\\src\\Illuminate\\Pipeline\\Pipeline.php(104): Illuminate\\Routing\\Pipeline->Illuminate\\Routing\\{closure}(Object(Illuminate\\Http\\Request))
#16 C:\\Users\\tajda\\Desktop\\software-project\\vendor\\laravel\\framework\\src\\Illuminate\\Routing\\Router.php(682): Illuminate\\Pipeline\\Pipeline->then(Object(Closure))
#17 C:\\Users\\tajda\\Desktop\\software-project\\vendor\\laravel\\framework\\src\\Illuminate\\Routing\\Router.php(657): Illuminate\\Routing\\Router->runRouteWithinStack(Object(Illuminate\\Routing\\Route), Object(Illuminate\\Http\\Request))
#18 C:\\Users\\tajda\\Desktop\\software-project\\vendor\\laravel\\framework\\src\\Illuminate\\Routing\\Router.php(623): Illuminate\\Routing\\Router->runRoute(Object(Illuminate\\Http\\Request), Object(Illuminate\\Routing\\Route))
#19 C:\\Users\\tajda\\Desktop\\software-project\\vendor\\laravel\\framework\\src\\Illuminate\\Routing\\Router.php(612): Illuminate\\Routing\\Router->dispatchToRoute(Object(Illuminate\\Http\\Request))
#20 C:\\Users\\tajda\\Desktop\\software-project\\vendor\\laravel\\framework\\src\\Illuminate\\Foundation\\Http\\Kernel.php(176): Illuminate\\Routing\\Router->dispatch(Object(Illuminate\\Http\\Request))
#21 C:\\Users\\tajda\\Desktop\\software-project\\vendor\\laravel\\framework\\src\\Illuminate\\Routing\\Pipeline.php(30): Illuminate\\Foundation\\Http\\Kernel->Illuminate\\Foundation\\Http\\{closure}(Object(Illuminate\\Http\\Request))
#22 C:\\Users\\tajda\\Desktop\\software-project\\vendor\\fideloper\\proxy\\src\\TrustProxies.php(57): Illuminate\\Routing\\Pipeline->Illuminate\\Routing\\{closure}(Object(Illuminate\\Http\\Request))
#23 C:\\Users\\tajda\\Desktop\\software-project\\vendor\\laravel\\framework\\src\\Illuminate\\Pipeline\\Pipeline.php(163): Fideloper\\Proxy\\TrustProxies->handle(Object(Illuminate\\Http\\Request), Object(Closure))
#24 C:\\Users\\tajda\\Desktop\\software-project\\vendor\\laravel\\framework\\src\\Illuminate\\Routing\\Pipeline.php(53): Illuminate\\Pipeline\\Pipeline->Illuminate\\Pipeline\\{closure}(Object(Illuminate\\Http\\Request))
#25 C:\\Users\\tajda\\Desktop\\software-project\\vendor\\laravel\\framework\\src\\Illuminate\\Foundation\\Http\\Middleware\\TransformsRequest.php(21): Illuminate\\Routing\\Pipeline->Illuminate\\Routing\\{closure}(Object(Illuminate\\Http\\Request))
#26 C:\\Users\\tajda\\Desktop\\software-project\\vendor\\laravel\\framework\\src\\Illuminate\\Pipeline\\Pipeline.php(163): Illuminate\\Foundation\\Http\\Middleware\\TransformsRequest->handle(Object(Illuminate\\Http\\Request), Object(Closure))
#27 C:\\Users\\tajda\\Desktop\\software-project\\vendor\\laravel\\framework\\src\\Illuminate\\Routing\\Pipeline.php(53): Illuminate\\Pipeline\\Pipeline->Illuminate\\Pipeline\\{closure}(Object(Illuminate\\Http\\Request))
#28 C:\\Users\\tajda\\Desktop\\software-project\\vendor\\laravel\\framework\\src\\Illuminate\\Foundation\\Http\\Middleware\\TransformsRequest.php(21): Illuminate\\Routing\\Pipeline->Illuminate\\Routing\\{closure}(Object(Illuminate\\Http\\Request))
#29 C:\\Users\\tajda\\Desktop\\software-project\\vendor\\laravel\\framework\\src\\Illuminate\\Pipeline\\Pipeline.php(163): Illuminate\\Foundation\\Http\\Middleware\\TransformsRequest->handle(Object(Illuminate\\Http\\Request), Object(Closure))
#30 C:\\Users\\tajda\\Desktop\\software-project\\vendor\\laravel\\framework\\src\\Illuminate\\Routing\\Pipeline.php(53): Illuminate\\Pipeline\\Pipeline->Illuminate\\Pipeline\\{closure}(Object(Illuminate\\Http\\Request))
#31 C:\\Users\\tajda\\Desktop\\software-project\\vendor\\laravel\\framework\\src\\Illuminate\\Foundation\\Http\\Middleware\\ValidatePostSize.php(27): Illuminate\\Routing\\Pipeline->Illuminate\\Routing\\{closure}(Object(Illuminate\\Http\\Request))
#32 C:\\Users\\tajda\\Desktop\\software-project\\vendor\\laravel\\framework\\src\\Illuminate\\Pipeline\\Pipeline.php(163): Illuminate\\Foundation\\Http\\Middleware\\ValidatePostSize->handle(Object(Illuminate\\Http\\Request), Object(Closure))
#33 C:\\Users\\tajda\\Desktop\\software-project\\vendor\\laravel\\framework\\src\\Illuminate\\Routing\\Pipeline.php(53): Illuminate\\Pipeline\\Pipeline->Illuminate\\Pipeline\\{closure}(Object(Illuminate\\Http\\Request))
#34 C:\\Users\\tajda\\Desktop\\software-project\\vendor\\laravel\\framework\\src\\Illuminate\\Foundation\\Http\\Middleware\\CheckForMaintenanceMode.php(62): Illuminate\\Routing\\Pipeline->Illuminate\\Routing\\{closure}(Object(Illuminate\\Http\\Request))
#35 C:\\Users\\tajda\\Desktop\\software-project\\vendor\\laravel\\framework\\src\\Illuminate\\Pipeline\\Pipeline.php(163): Illuminate\\Foundation\\Http\\Middleware\\CheckForMaintenanceMode->handle(Object(Illuminate\\Http\\Request), Object(Closure))
#36 C:\\Users\\tajda\\Desktop\\software-project\\vendor\\laravel\\framework\\src\\Illuminate\\Routing\\Pipeline.php(53): Illuminate\\Pipeline\\Pipeline->Illuminate\\Pipeline\\{closure}(Object(Illuminate\\Http\\Request))
#37 C:\\Users\\tajda\\Desktop\\software-project\\vendor\\laravel\\framework\\src\\Illuminate\\Pipeline\\Pipeline.php(104): Illuminate\\Routing\\Pipeline->Illuminate\\Routing\\{closure}(Object(Illuminate\\Http\\Request))
#38 C:\\Users\\tajda\\Desktop\\software-project\\vendor\\laravel\\framework\\src\\Illuminate\\Foundation\\Http\\Kernel.php(151): Illuminate\\Pipeline\\Pipeline->then(Object(Closure))
#39 C:\\Users\\tajda\\Desktop\\software-project\\vendor\\laravel\\framework\\src\\Illuminate\\Foundation\\Http\\Kernel.php(116): Illuminate\\Foundation\\Http\\Kernel->sendRequestThroughRouter(Object(Illuminate\\Http\\Request))
#40 C:\\Users\\tajda\\Desktop\\software-project\\public\\index.php(55): Illuminate\\Foundation\\Http\\Kernel->handle(Object(Illuminate\\Http\\Request))
#41 C:\\Users\\tajda\\Desktop\\software-project\\server.php(21): require_once('C:\\\\Users\\\\tajda\\\\...')
#42 {main}
"} 
[2019-05-09 18:25:15] production.ERROR: No application encryption key has been specified. {"exception":"[object] (RuntimeException(code: 0): No application encryption key has been specified. at C:\\Users\\tajda\\Desktop\\software-project\\vendor\\laravel\\framework\\src\\Illuminate\\Encryption\\EncryptionServiceProvider.php:44)
[stacktrace]
#0 C:\\Users\\tajda\\Desktop\\software-project\\vendor\\laravel\\framework\\src\\Illuminate\\Support\\helpers.php(1122): Illuminate\\Encryption\\EncryptionServiceProvider->Illuminate\\Encryption\\{closure}(NULL)
#1 C:\\Users\\tajda\\Desktop\\software-project\\vendor\\laravel\\framework\\src\\Illuminate\\Encryption\\EncryptionServiceProvider.php(48): tap(NULL, Object(Closure))
#2 C:\\Users\\tajda\\Desktop\\software-project\\vendor\\laravel\\framework\\src\\Illuminate\\Encryption\\EncryptionServiceProvider.php(24): Illuminate\\Encryption\\EncryptionServiceProvider->key(Array)
#3 C:\\Users\\tajda\\Desktop\\software-project\\vendor\\laravel\\framework\\src\\Illuminate\\Container\\Container.php(791): Illuminate\\Encryption\\EncryptionServiceProvider->Illuminate\\Encryption\\{closure}(Object(Illuminate\\Foundation\\Application), Array)
#4 C:\\Users\\tajda\\Desktop\\software-project\\vendor\\laravel\\framework\\src\\Illuminate\\Container\\Container.php(671): Illuminate\\Container\\Container->build(Object(Closure))
#5 C:\\Users\\tajda\\Desktop\\software-project\\vendor\\laravel\\framework\\src\\Illuminate\\Container\\Container.php(619): Illuminate\\Container\\Container->resolve('encrypter', Array)
#6 C:\\Users\\tajda\\Desktop\\software-project\\vendor\\laravel\\framework\\src\\Illuminate\\Foundation\\Application.php(757): Illuminate\\Container\\Container->make('encrypter', Array)
#7 C:\\Users\\tajda\\Desktop\\software-project\\vendor\\laravel\\framework\\src\\Illuminate\\Container\\Container.php(929): Illuminate\\Foundation\\Application->make('encrypter')
#8 C:\\Users\\tajda\\Desktop\\software-project\\vendor\\laravel\\framework\\src\\Illuminate\\Container\\Container.php(857): Illuminate\\Container\\Container->resolveClass(Object(ReflectionParameter))
#9 C:\\Users\\tajda\\Desktop\\software-project\\vendor\\laravel\\framework\\src\\Illuminate\\Container\\Container.php(822): Illuminate\\Container\\Container->resolveDependencies(Array)
#10 C:\\Users\\tajda\\Desktop\\software-project\\vendor\\laravel\\framework\\src\\Illuminate\\Container\\Container.php(671): Illuminate\\Container\\Container->build('App\\\\Http\\\\Middle...')
#11 C:\\Users\\tajda\\Desktop\\software-project\\vendor\\laravel\\framework\\src\\Illuminate\\Container\\Container.php(619): Illuminate\\Container\\Container->resolve('App\\\\Http\\\\Middle...', Array)
#12 C:\\Users\\tajda\\Desktop\\software-project\\vendor\\laravel\\framework\\src\\Illuminate\\Foundation\\Application.php(757): Illuminate\\Container\\Container->make('App\\\\Http\\\\Middle...', Array)
#13 C:\\Users\\tajda\\Desktop\\software-project\\vendor\\laravel\\framework\\src\\Illuminate\\Foundation\\Http\\Kernel.php(215): Illuminate\\Foundation\\Application->make('App\\\\Http\\\\Middle...')
#14 C:\\Users\\tajda\\Desktop\\software-project\\vendor\\laravel\\framework\\src\\Illuminate\\Foundation\\Http\\Kernel.php(189): Illuminate\\Foundation\\Http\\Kernel->terminateMiddleware(Object(Illuminate\\Http\\Request), Object(Illuminate\\Http\\Response))
#15 C:\\Users\\tajda\\Desktop\\software-project\\public\\index.php(60): Illuminate\\Foundation\\Http\\Kernel->terminate(Object(Illuminate\\Http\\Request), Object(Illuminate\\Http\\Response))
#16 C:\\Users\\tajda\\Desktop\\software-project\\server.php(21): require_once('C:\\\\Users\\\\tajda\\\\...')
#17 {main}
"} 
[2019-05-09 18:26:14] production.ERROR: SQLSTATE[HY000] [2002] No connection could be made because the target machine actively refused it.
 (SQL: select * from information_schema.tables where table_schema = forge and table_name = migrations) {"exception":"[object] (Illuminate\\Database\\QueryException(code: 2002): SQLSTATE[HY000] [2002] No connection could be made because the target machine actively refused it.
 (SQL: select * from information_schema.tables where table_schema = forge and table_name = migrations) at C:\\Users\\tajda\\Desktop\\software-project\\vendor\\laravel\\framework\\src\\Illuminate\\Database\\Connection.php:664, PDOException(code: 2002): SQLSTATE[HY000] [2002] No connection could be made because the target machine actively refused it.
 at C:\\Users\\tajda\\Desktop\\software-project\\vendor\\laravel\\framework\\src\\Illuminate\\Database\\Connectors\\Connector.php:70)
[stacktrace]
#0 C:\\Users\\tajda\\Desktop\\software-project\\vendor\\laravel\\framework\\src\\Illuminate\\Database\\Connection.php(624): Illuminate\\Database\\Connection->runQueryCallback('select * from i...', Array, Object(Closure))
#1 C:\\Users\\tajda\\Desktop\\software-project\\vendor\\laravel\\framework\\src\\Illuminate\\Database\\Connection.php(333): Illuminate\\Database\\Connection->run('select * from i...', Array, Object(Closure))
#2 C:\\Users\\tajda\\Desktop\\software-project\\vendor\\laravel\\framework\\src\\Illuminate\\Database\\Schema\\MySqlBuilder.php(18): Illuminate\\Database\\Connection->select('select * from i...', Array)
#3 C:\\Users\\tajda\\Desktop\\software-project\\vendor\\laravel\\framework\\src\\Illuminate\\Database\\Migrations\\DatabaseMigrationRepository.php(169): Illuminate\\Database\\Schema\\MySqlBuilder->hasTable('migrations')
#4 C:\\Users\\tajda\\Desktop\\software-project\\vendor\\laravel\\framework\\src\\Illuminate\\Database\\Migrations\\Migrator.php(556): Illuminate\\Database\\Migrations\\DatabaseMigrationRepository->repositoryExists()
#5 C:\\Users\\tajda\\Desktop\\software-project\\vendor\\laravel\\framework\\src\\Illuminate\\Database\\Console\\Migrations\\MigrateCommand.php(91): Illuminate\\Database\\Migrations\\Migrator->repositoryExists()
#6 C:\\Users\\tajda\\Desktop\\software-project\\vendor\\laravel\\framework\\src\\Illuminate\\Database\\Console\\Migrations\\MigrateCommand.php(63): Illuminate\\Database\\Console\\Migrations\\MigrateCommand->prepareDatabase()
#7 [internal function]: Illuminate\\Database\\Console\\Migrations\\MigrateCommand->handle()
#8 C:\\Users\\tajda\\Desktop\\software-project\\vendor\\laravel\\framework\\src\\Illuminate\\Container\\BoundMethod.php(32): call_user_func_array(Array, Array)
#9 C:\\Users\\tajda\\Desktop\\software-project\\vendor\\laravel\\framework\\src\\Illuminate\\Container\\BoundMethod.php(90): Illuminate\\Container\\BoundMethod::Illuminate\\Container\\{closure}()
#10 C:\\Users\\tajda\\Desktop\\software-project\\vendor\\laravel\\framework\\src\\Illuminate\\Container\\BoundMethod.php(34): Illuminate\\Container\\BoundMethod::callBoundMethod(Object(Illuminate\\Foundation\\Application), Array, Object(Closure))
#11 C:\\Users\\tajda\\Desktop\\software-project\\vendor\\laravel\\framework\\src\\Illuminate\\Container\\Container.php(580): Illuminate\\Container\\BoundMethod::call(Object(Illuminate\\Foundation\\Application), Array, Array, NULL)
#12 C:\\Users\\tajda\\Desktop\\software-project\\vendor\\laravel\\framework\\src\\Illuminate\\Console\\Command.php(183): Illuminate\\Container\\Container->call(Array)
#13 C:\\Users\\tajda\\Desktop\\software-project\\vendor\\symfony\\console\\Command\\Command.php(255): Illuminate\\Console\\Command->execute(Object(Symfony\\Component\\Console\\Input\\ArgvInput), Object(Illuminate\\Console\\OutputStyle))
#14 C:\\Users\\tajda\\Desktop\\software-project\\vendor\\laravel\\framework\\src\\Illuminate\\Console\\Command.php(170): Symfony\\Component\\Console\\Command\\Command->run(Object(Symfony\\Component\\Console\\Input\\ArgvInput), Object(Illuminate\\Console\\OutputStyle))
#15 C:\\Users\\tajda\\Desktop\\software-project\\vendor\\symfony\\console\\Application.php(908): Illuminate\\Console\\Command->run(Object(Symfony\\Component\\Console\\Input\\ArgvInput), Object(Symfony\\Component\\Console\\Output\\ConsoleOutput))
#16 C:\\Users\\tajda\\Desktop\\software-project\\vendor\\symfony\\console\\Application.php(269): Symfony\\Component\\Console\\Application->doRunCommand(Object(Illuminate\\Database\\Console\\Migrations\\MigrateCommand), Object(Symfony\\Component\\Console\\Input\\ArgvInput), Object(Symfony\\Component\\Console\\Output\\ConsoleOutput))
#17 C:\\Users\\tajda\\Desktop\\software-project\\vendor\\symfony\\console\\Application.php(145): Symfony\\Component\\Console\\Application->doRun(Object(Symfony\\Component\\Console\\Input\\ArgvInput), Object(Symfony\\Component\\Console\\Output\\ConsoleOutput))
#18 C:\\Users\\tajda\\Desktop\\software-project\\vendor\\laravel\\framework\\src\\Illuminate\\Console\\Application.php(90): Symfony\\Component\\Console\\Application->run(Object(Symfony\\Component\\Console\\Input\\ArgvInput), Object(Symfony\\Component\\Console\\Output\\ConsoleOutput))
#19 C:\\Users\\tajda\\Desktop\\software-project\\vendor\\laravel\\framework\\src\\Illuminate\\Foundation\\Console\\Kernel.php(122): Illuminate\\Console\\Application->run(Object(Symfony\\Component\\Console\\Input\\ArgvInput), Object(Symfony\\Component\\Console\\Output\\ConsoleOutput))
#20 C:\\Users\\tajda\\Desktop\\software-project\\artisan(37): Illuminate\\Foundation\\Console\\Kernel->handle(Object(Symfony\\Component\\Console\\Input\\ArgvInput), Object(Symfony\\Component\\Console\\Output\\ConsoleOutput))
#21 {main}
"} 
[2019-05-09 18:34:53] production.ERROR: SQLSTATE[HY000] [1044] Access denied for user ''@'localhost' to database 'forge' (SQL: select * from information_schema.tables where table_schema = forge and table_name = migrations) {"exception":"[object] (Illuminate\\Database\\QueryException(code: 1044): SQLSTATE[HY000] [1044] Access denied for user ''@'localhost' to database 'forge' (SQL: select * from information_schema.tables where table_schema = forge and table_name = migrations) at C:\\Users\\tajda\\Desktop\\software-project\\vendor\\laravel\\framework\\src\\Illuminate\\Database\\Connection.php:664, PDOException(code: 1044): SQLSTATE[HY000] [1044] Access denied for user ''@'localhost' to database 'forge' at C:\\Users\\tajda\\Desktop\\software-project\\vendor\\laravel\\framework\\src\\Illuminate\\Database\\Connectors\\Connector.php:70)
[stacktrace]
#0 C:\\Users\\tajda\\Desktop\\software-project\\vendor\\laravel\\framework\\src\\Illuminate\\Database\\Connection.php(624): Illuminate\\Database\\Connection->runQueryCallback('select * from i...', Array, Object(Closure))
#1 C:\\Users\\tajda\\Desktop\\software-project\\vendor\\laravel\\framework\\src\\Illuminate\\Database\\Connection.php(333): Illuminate\\Database\\Connection->run('select * from i...', Array, Object(Closure))
#2 C:\\Users\\tajda\\Desktop\\software-project\\vendor\\laravel\\framework\\src\\Illuminate\\Database\\Schema\\MySqlBuilder.php(18): Illuminate\\Database\\Connection->select('select * from i...', Array)
#3 C:\\Users\\tajda\\Desktop\\software-project\\vendor\\laravel\\framework\\src\\Illuminate\\Database\\Migrations\\DatabaseMigrationRepository.php(169): Illuminate\\Database\\Schema\\MySqlBuilder->hasTable('migrations')
#4 C:\\Users\\tajda\\Desktop\\software-project\\vendor\\laravel\\framework\\src\\Illuminate\\Database\\Migrations\\Migrator.php(556): Illuminate\\Database\\Migrations\\DatabaseMigrationRepository->repositoryExists()
#5 C:\\Users\\tajda\\Desktop\\software-project\\vendor\\laravel\\framework\\src\\Illuminate\\Database\\Console\\Migrations\\MigrateCommand.php(91): Illuminate\\Database\\Migrations\\Migrator->repositoryExists()
#6 C:\\Users\\tajda\\Desktop\\software-project\\vendor\\laravel\\framework\\src\\Illuminate\\Database\\Console\\Migrations\\MigrateCommand.php(63): Illuminate\\Database\\Console\\Migrations\\MigrateCommand->prepareDatabase()
#7 [internal function]: Illuminate\\Database\\Console\\Migrations\\MigrateCommand->handle()
#8 C:\\Users\\tajda\\Desktop\\software-project\\vendor\\laravel\\framework\\src\\Illuminate\\Container\\BoundMethod.php(32): call_user_func_array(Array, Array)
#9 C:\\Users\\tajda\\Desktop\\software-project\\vendor\\laravel\\framework\\src\\Illuminate\\Container\\BoundMethod.php(90): Illuminate\\Container\\BoundMethod::Illuminate\\Container\\{closure}()
#10 C:\\Users\\tajda\\Desktop\\software-project\\vendor\\laravel\\framework\\src\\Illuminate\\Container\\BoundMethod.php(34): Illuminate\\Container\\BoundMethod::callBoundMethod(Object(Illuminate\\Foundation\\Application), Array, Object(Closure))
#11 C:\\Users\\tajda\\Desktop\\software-project\\vendor\\laravel\\framework\\src\\Illuminate\\Container\\Container.php(580): Illuminate\\Container\\BoundMethod::call(Object(Illuminate\\Foundation\\Application), Array, Array, NULL)
#12 C:\\Users\\tajda\\Desktop\\software-project\\vendor\\laravel\\framework\\src\\Illuminate\\Console\\Command.php(183): Illuminate\\Container\\Container->call(Array)
#13 C:\\Users\\tajda\\Desktop\\software-project\\vendor\\symfony\\console\\Command\\Command.php(255): Illuminate\\Console\\Command->execute(Object(Symfony\\Component\\Console\\Input\\ArgvInput), Object(Illuminate\\Console\\OutputStyle))
#14 C:\\Users\\tajda\\Desktop\\software-project\\vendor\\laravel\\framework\\src\\Illuminate\\Console\\Command.php(170): Symfony\\Component\\Console\\Command\\Command->run(Object(Symfony\\Component\\Console\\Input\\ArgvInput), Object(Illuminate\\Console\\OutputStyle))
#15 C:\\Users\\tajda\\Desktop\\software-project\\vendor\\symfony\\console\\Application.php(908): Illuminate\\Console\\Command->run(Object(Symfony\\Component\\Console\\Input\\ArgvInput), Object(Symfony\\Component\\Console\\Output\\ConsoleOutput))
#16 C:\\Users\\tajda\\Desktop\\software-project\\vendor\\symfony\\console\\Application.php(269): Symfony\\Component\\Console\\Application->doRunCommand(Object(Illuminate\\Database\\Console\\Migrations\\MigrateCommand), Object(Symfony\\Component\\Console\\Input\\ArgvInput), Object(Symfony\\Component\\Console\\Output\\ConsoleOutput))
#17 C:\\Users\\tajda\\Desktop\\software-project\\vendor\\symfony\\console\\Application.php(145): Symfony\\Component\\Console\\Application->doRun(Object(Symfony\\Component\\Console\\Input\\ArgvInput), Object(Symfony\\Component\\Console\\Output\\ConsoleOutput))
#18 C:\\Users\\tajda\\Desktop\\software-project\\vendor\\laravel\\framework\\src\\Illuminate\\Console\\Application.php(90): Symfony\\Component\\Console\\Application->run(Object(Symfony\\Component\\Console\\Input\\ArgvInput), Object(Symfony\\Component\\Console\\Output\\ConsoleOutput))
#19 C:\\Users\\tajda\\Desktop\\software-project\\vendor\\laravel\\framework\\src\\Illuminate\\Foundation\\Console\\Kernel.php(122): Illuminate\\Console\\Application->run(Object(Symfony\\Component\\Console\\Input\\ArgvInput), Object(Symfony\\Component\\Console\\Output\\ConsoleOutput))
#20 C:\\Users\\tajda\\Desktop\\software-project\\artisan(37): Illuminate\\Foundation\\Console\\Kernel->handle(Object(Symfony\\Component\\Console\\Input\\ArgvInput), Object(Symfony\\Component\\Console\\Output\\ConsoleOutput))
#21 {main}
"} 
[2019-05-09 18:36:51] local.ERROR: SQLSTATE[HY000] [1049] Unknown database 'software-project' (SQL: select * from information_schema.tables where table_schema = software-project and table_name = migrations) {"exception":"[object] (Illuminate\\Database\\QueryException(code: 1049): SQLSTATE[HY000] [1049] Unknown database 'software-project' (SQL: select * from information_schema.tables where table_schema = software-project and table_name = migrations) at C:\\Users\\tajda\\Desktop\\software-project\\vendor\\laravel\\framework\\src\\Illuminate\\Database\\Connection.php:664, PDOException(code: 1049): SQLSTATE[HY000] [1049] Unknown database 'software-project' at C:\\Users\\tajda\\Desktop\\software-project\\vendor\\laravel\\framework\\src\\Illuminate\\Database\\Connectors\\Connector.php:70)
[stacktrace]
#0 C:\\Users\\tajda\\Desktop\\software-project\\vendor\\laravel\\framework\\src\\Illuminate\\Database\\Connection.php(624): Illuminate\\Database\\Connection->runQueryCallback('select * from i...', Array, Object(Closure))
#1 C:\\Users\\tajda\\Desktop\\software-project\\vendor\\laravel\\framework\\src\\Illuminate\\Database\\Connection.php(333): Illuminate\\Database\\Connection->run('select * from i...', Array, Object(Closure))
#2 C:\\Users\\tajda\\Desktop\\software-project\\vendor\\laravel\\framework\\src\\Illuminate\\Database\\Schema\\MySqlBuilder.php(18): Illuminate\\Database\\Connection->select('select * from i...', Array)
#3 C:\\Users\\tajda\\Desktop\\software-project\\vendor\\laravel\\framework\\src\\Illuminate\\Database\\Migrations\\DatabaseMigrationRepository.php(169): Illuminate\\Database\\Schema\\MySqlBuilder->hasTable('migrations')
#4 C:\\Users\\tajda\\Desktop\\software-project\\vendor\\laravel\\framework\\src\\Illuminate\\Database\\Migrations\\Migrator.php(556): Illuminate\\Database\\Migrations\\DatabaseMigrationRepository->repositoryExists()
#5 C:\\Users\\tajda\\Desktop\\software-project\\vendor\\laravel\\framework\\src\\Illuminate\\Database\\Console\\Migrations\\MigrateCommand.php(91): Illuminate\\Database\\Migrations\\Migrator->repositoryExists()
#6 C:\\Users\\tajda\\Desktop\\software-project\\vendor\\laravel\\framework\\src\\Illuminate\\Database\\Console\\Migrations\\MigrateCommand.php(63): Illuminate\\Database\\Console\\Migrations\\MigrateCommand->prepareDatabase()
#7 [internal function]: Illuminate\\Database\\Console\\Migrations\\MigrateCommand->handle()
#8 C:\\Users\\tajda\\Desktop\\software-project\\vendor\\laravel\\framework\\src\\Illuminate\\Container\\BoundMethod.php(32): call_user_func_array(Array, Array)
#9 C:\\Users\\tajda\\Desktop\\software-project\\vendor\\laravel\\framework\\src\\Illuminate\\Container\\BoundMethod.php(90): Illuminate\\Container\\BoundMethod::Illuminate\\Container\\{closure}()
#10 C:\\Users\\tajda\\Desktop\\software-project\\vendor\\laravel\\framework\\src\\Illuminate\\Container\\BoundMethod.php(34): Illuminate\\Container\\BoundMethod::callBoundMethod(Object(Illuminate\\Foundation\\Application), Array, Object(Closure))
#11 C:\\Users\\tajda\\Desktop\\software-project\\vendor\\laravel\\framework\\src\\Illuminate\\Container\\Container.php(580): Illuminate\\Container\\BoundMethod::call(Object(Illuminate\\Foundation\\Application), Array, Array, NULL)
#12 C:\\Users\\tajda\\Desktop\\software-project\\vendor\\laravel\\framework\\src\\Illuminate\\Console\\Command.php(183): Illuminate\\Container\\Container->call(Array)
#13 C:\\Users\\tajda\\Desktop\\software-project\\vendor\\symfony\\console\\Command\\Command.php(255): Illuminate\\Console\\Command->execute(Object(Symfony\\Component\\Console\\Input\\ArgvInput), Object(Illuminate\\Console\\OutputStyle))
#14 C:\\Users\\tajda\\Desktop\\software-project\\vendor\\laravel\\framework\\src\\Illuminate\\Console\\Command.php(170): Symfony\\Component\\Console\\Command\\Command->run(Object(Symfony\\Component\\Console\\Input\\ArgvInput), Object(Illuminate\\Console\\OutputStyle))
#15 C:\\Users\\tajda\\Desktop\\software-project\\vendor\\symfony\\console\\Application.php(908): Illuminate\\Console\\Command->run(Object(Symfony\\Component\\Console\\Input\\ArgvInput), Object(Symfony\\Component\\Console\\Output\\ConsoleOutput))
#16 C:\\Users\\tajda\\Desktop\\software-project\\vendor\\symfony\\console\\Application.php(269): Symfony\\Component\\Console\\Application->doRunCommand(Object(Illuminate\\Database\\Console\\Migrations\\MigrateCommand), Object(Symfony\\Component\\Console\\Input\\ArgvInput), Object(Symfony\\Component\\Console\\Output\\ConsoleOutput))
#17 C:\\Users\\tajda\\Desktop\\software-project\\vendor\\symfony\\console\\Application.php(145): Symfony\\Component\\Console\\Application->doRun(Object(Symfony\\Component\\Console\\Input\\ArgvInput), Object(Symfony\\Component\\Console\\Output\\ConsoleOutput))
#18 C:\\Users\\tajda\\Desktop\\software-project\\vendor\\laravel\\framework\\src\\Illuminate\\Console\\Application.php(90): Symfony\\Component\\Console\\Application->run(Object(Symfony\\Component\\Console\\Input\\ArgvInput), Object(Symfony\\Component\\Console\\Output\\ConsoleOutput))
#19 C:\\Users\\tajda\\Desktop\\software-project\\vendor\\laravel\\framework\\src\\Illuminate\\Foundation\\Console\\Kernel.php(122): Illuminate\\Console\\Application->run(Object(Symfony\\Component\\Console\\Input\\ArgvInput), Object(Symfony\\Component\\Console\\Output\\ConsoleOutput))
#20 C:\\Users\\tajda\\Desktop\\software-project\\artisan(37): Illuminate\\Foundation\\Console\\Kernel->handle(Object(Symfony\\Component\\Console\\Input\\ArgvInput), Object(Symfony\\Component\\Console\\Output\\ConsoleOutput))
#21 {main}
"} 
[2019-05-09 18:37:20] local.ERROR: SQLSTATE[42S22]: Column not found: 1054 Unknown column 'birth_date' in 'field list' (SQL: insert into `users` (`full_name`, `email`, `password`, `phone`, `birth_date`, `user_level`, `image`, `address`, `city`, `remember_token`, `region`, `postal_code`, `verified`, `verification_token`, `updated_at`, `created_at`) values (Cydney Towne, rjohns@example.net, $2y$10$92IXUNpkjO0rOQ5byMi.Ye4oKoEa3Ro9llC/.og/at2.uheWG/igi, +1-780-274-9739, 1996-04-28, 1, profile.png, 146 Melody Inlet
Lake Maegan, RI 23674, New Keltonhaven, 678GRc5QKH, Corporis exercitationem et voluptatum. Autem ad ea assumenda dolores incidunt minus rerum. Sit voluptatem earum et quaerat est., 39548, 1, , 2019-05-09 18:37:19, 2019-05-09 18:37:19)) {"exception":"[object] (Illuminate\\Database\\QueryException(code: 42S22): SQLSTATE[42S22]: Column not found: 1054 Unknown column 'birth_date' in 'field list' (SQL: insert into `users` (`full_name`, `email`, `password`, `phone`, `birth_date`, `user_level`, `image`, `address`, `city`, `remember_token`, `region`, `postal_code`, `verified`, `verification_token`, `updated_at`, `created_at`) values (Cydney Towne, rjohns@example.net, $2y$10$92IXUNpkjO0rOQ5byMi.Ye4oKoEa3Ro9llC/.og/at2.uheWG/igi, +1-780-274-9739, 1996-04-28, 1, profile.png, 146 Melody Inlet
Lake Maegan, RI 23674, New Keltonhaven, 678GRc5QKH, Corporis exercitationem et voluptatum. Autem ad ea assumenda dolores incidunt minus rerum. Sit voluptatem earum et quaerat est., 39548, 1, , 2019-05-09 18:37:19, 2019-05-09 18:37:19)) at C:\\Users\\tajda\\Desktop\\software-project\\vendor\\laravel\\framework\\src\\Illuminate\\Database\\Connection.php:664, PDOException(code: 42S22): SQLSTATE[42S22]: Column not found: 1054 Unknown column 'birth_date' in 'field list' at C:\\Users\\tajda\\Desktop\\software-project\\vendor\\laravel\\framework\\src\\Illuminate\\Database\\Connection.php:452)
[stacktrace]
#0 C:\\Users\\tajda\\Desktop\\software-project\\vendor\\laravel\\framework\\src\\Illuminate\\Database\\Connection.php(624): Illuminate\\Database\\Connection->runQueryCallback('insert into `us...', Array, Object(Closure))
#1 C:\\Users\\tajda\\Desktop\\software-project\\vendor\\laravel\\framework\\src\\Illuminate\\Database\\Connection.php(459): Illuminate\\Database\\Connection->run('insert into `us...', Array, Object(Closure))
#2 C:\\Users\\tajda\\Desktop\\software-project\\vendor\\laravel\\framework\\src\\Illuminate\\Database\\Connection.php(411): Illuminate\\Database\\Connection->statement('insert into `us...', Array)
#3 C:\\Users\\tajda\\Desktop\\software-project\\vendor\\laravel\\framework\\src\\Illuminate\\Database\\Query\\Processors\\Processor.php(32): Illuminate\\Database\\Connection->insert('insert into `us...', Array)
#4 C:\\Users\\tajda\\Desktop\\software-project\\vendor\\laravel\\framework\\src\\Illuminate\\Database\\Query\\Builder.php(2633): Illuminate\\Database\\Query\\Processors\\Processor->processInsertGetId(Object(Illuminate\\Database\\Query\\Builder), 'insert into `us...', Array, 'id')
#5 C:\\Users\\tajda\\Desktop\\software-project\\vendor\\laravel\\framework\\src\\Illuminate\\Database\\Eloquent\\Builder.php(1347): Illuminate\\Database\\Query\\Builder->insertGetId(Array, 'id')
#6 C:\\Users\\tajda\\Desktop\\software-project\\vendor\\laravel\\framework\\src\\Illuminate\\Database\\Eloquent\\Model.php(835): Illuminate\\Database\\Eloquent\\Builder->__call('insertGetId', Array)
#7 C:\\Users\\tajda\\Desktop\\software-project\\vendor\\laravel\\framework\\src\\Illuminate\\Database\\Eloquent\\Model.php(800): Illuminate\\Database\\Eloquent\\Model->insertAndSetId(Object(Illuminate\\Database\\Eloquent\\Builder), Array)
#8 C:\\Users\\tajda\\Desktop\\software-project\\vendor\\laravel\\framework\\src\\Illuminate\\Database\\Eloquent\\Model.php(663): Illuminate\\Database\\Eloquent\\Model->performInsert(Object(Illuminate\\Database\\Eloquent\\Builder))
#9 C:\\Users\\tajda\\Desktop\\software-project\\vendor\\laravel\\framework\\src\\Illuminate\\Database\\Eloquent\\FactoryBuilder.php(206): Illuminate\\Database\\Eloquent\\Model->save()
#10 C:\\Users\\tajda\\Desktop\\software-project\\vendor\\laravel\\framework\\src\\Illuminate\\Support\\Collection.php(419): Illuminate\\Database\\Eloquent\\FactoryBuilder->Illuminate\\Database\\Eloquent\\{closure}(Object(App\\User), 0)
#11 C:\\Users\\tajda\\Desktop\\software-project\\vendor\\laravel\\framework\\src\\Illuminate\\Database\\Eloquent\\FactoryBuilder.php(207): Illuminate\\Support\\Collection->each(Object(Closure))
#12 C:\\Users\\tajda\\Desktop\\software-project\\vendor\\laravel\\framework\\src\\Illuminate\\Database\\Eloquent\\FactoryBuilder.php(185): Illuminate\\Database\\Eloquent\\FactoryBuilder->store(Object(Illuminate\\Database\\Eloquent\\Collection))
#13 C:\\Users\\tajda\\Desktop\\software-project\\database\\seeds\\DatabaseSeeder.php(28): Illuminate\\Database\\Eloquent\\FactoryBuilder->create()
#14 [internal function]: DatabaseSeeder->run()
#15 C:\\Users\\tajda\\Desktop\\software-project\\vendor\\laravel\\framework\\src\\Illuminate\\Container\\BoundMethod.php(32): call_user_func_array(Array, Array)
#16 C:\\Users\\tajda\\Desktop\\software-project\\vendor\\laravel\\framework\\src\\Illuminate\\Container\\BoundMethod.php(90): Illuminate\\Container\\BoundMethod::Illuminate\\Container\\{closure}()
#17 C:\\Users\\tajda\\Desktop\\software-project\\vendor\\laravel\\framework\\src\\Illuminate\\Container\\BoundMethod.php(34): Illuminate\\Container\\BoundMethod::callBoundMethod(Object(Illuminate\\Foundation\\Application), Array, Object(Closure))
#18 C:\\Users\\tajda\\Desktop\\software-project\\vendor\\laravel\\framework\\src\\Illuminate\\Container\\Container.php(580): Illuminate\\Container\\BoundMethod::call(Object(Illuminate\\Foundation\\Application), Array, Array, NULL)
#19 C:\\Users\\tajda\\Desktop\\software-project\\vendor\\laravel\\framework\\src\\Illuminate\\Database\\Seeder.php(122): Illuminate\\Container\\Container->call(Array)
#20 C:\\Users\\tajda\\Desktop\\software-project\\vendor\\laravel\\framework\\src\\Illuminate\\Database\\Console\\Seeds\\SeedCommand.php(63): Illuminate\\Database\\Seeder->__invoke()
#21 C:\\Users\\tajda\\Desktop\\software-project\\vendor\\laravel\\framework\\src\\Illuminate\\Database\\Eloquent\\Concerns\\GuardsAttributes.php(122): Illuminate\\Database\\Console\\Seeds\\SeedCommand->Illuminate\\Database\\Console\\Seeds\\{closure}()
#22 C:\\Users\\tajda\\Desktop\\software-project\\vendor\\laravel\\framework\\src\\Illuminate\\Database\\Console\\Seeds\\SeedCommand.php(64): Illuminate\\Database\\Eloquent\\Model::unguarded(Object(Closure))
#23 [internal function]: Illuminate\\Database\\Console\\Seeds\\SeedCommand->handle()
#24 C:\\Users\\tajda\\Desktop\\software-project\\vendor\\laravel\\framework\\src\\Illuminate\\Container\\BoundMethod.php(32): call_user_func_array(Array, Array)
#25 C:\\Users\\tajda\\Desktop\\software-project\\vendor\\laravel\\framework\\src\\Illuminate\\Container\\BoundMethod.php(90): Illuminate\\Container\\BoundMethod::Illuminate\\Container\\{closure}()
#26 C:\\Users\\tajda\\Desktop\\software-project\\vendor\\laravel\\framework\\src\\Illuminate\\Container\\BoundMethod.php(34): Illuminate\\Container\\BoundMethod::callBoundMethod(Object(Illuminate\\Foundation\\Application), Array, Object(Closure))
#27 C:\\Users\\tajda\\Desktop\\software-project\\vendor\\laravel\\framework\\src\\Illuminate\\Container\\Container.php(580): Illuminate\\Container\\BoundMethod::call(Object(Illuminate\\Foundation\\Application), Array, Array, NULL)
#28 C:\\Users\\tajda\\Desktop\\software-project\\vendor\\laravel\\framework\\src\\Illuminate\\Console\\Command.php(183): Illuminate\\Container\\Container->call(Array)
#29 C:\\Users\\tajda\\Desktop\\software-project\\vendor\\symfony\\console\\Command\\Command.php(255): Illuminate\\Console\\Command->execute(Object(Symfony\\Component\\Console\\Input\\ArgvInput), Object(Illuminate\\Console\\OutputStyle))
#30 C:\\Users\\tajda\\Desktop\\software-project\\vendor\\laravel\\framework\\src\\Illuminate\\Console\\Command.php(170): Symfony\\Component\\Console\\Command\\Command->run(Object(Symfony\\Component\\Console\\Input\\ArgvInput), Object(Illuminate\\Console\\OutputStyle))
#31 C:\\Users\\tajda\\Desktop\\software-project\\vendor\\symfony\\console\\Application.php(908): Illuminate\\Console\\Command->run(Object(Symfony\\Component\\Console\\Input\\ArgvInput), Object(Symfony\\Component\\Console\\Output\\ConsoleOutput))
#32 C:\\Users\\tajda\\Desktop\\software-project\\vendor\\symfony\\console\\Application.php(269): Symfony\\Component\\Console\\Application->doRunCommand(Object(Illuminate\\Database\\Console\\Seeds\\SeedCommand), Object(Symfony\\Component\\Console\\Input\\ArgvInput), Object(Symfony\\Component\\Console\\Output\\ConsoleOutput))
#33 C:\\Users\\tajda\\Desktop\\software-project\\vendor\\symfony\\console\\Application.php(145): Symfony\\Component\\Console\\Application->doRun(Object(Symfony\\Component\\Console\\Input\\ArgvInput), Object(Symfony\\Component\\Console\\Output\\ConsoleOutput))
#34 C:\\Users\\tajda\\Desktop\\software-project\\vendor\\laravel\\framework\\src\\Illuminate\\Console\\Application.php(90): Symfony\\Component\\Console\\Application->run(Object(Symfony\\Component\\Console\\Input\\ArgvInput), Object(Symfony\\Component\\Console\\Output\\ConsoleOutput))
#35 C:\\Users\\tajda\\Desktop\\software-project\\vendor\\laravel\\framework\\src\\Illuminate\\Foundation\\Console\\Kernel.php(122): Illuminate\\Console\\Application->run(Object(Symfony\\Component\\Console\\Input\\ArgvInput), Object(Symfony\\Component\\Console\\Output\\ConsoleOutput))
#36 C:\\Users\\tajda\\Desktop\\software-project\\artisan(37): Illuminate\\Foundation\\Console\\Kernel->handle(Object(Symfony\\Component\\Console\\Input\\ArgvInput), Object(Symfony\\Component\\Console\\Output\\ConsoleOutput))
#37 {main}
"} 
[2019-05-09 18:39:00] local.ERROR: The only supported ciphers are AES-128-CBC and AES-256-CBC with the correct key lengths. {"exception":"[object] (RuntimeException(code: 0): The only supported ciphers are AES-128-CBC and AES-256-CBC with the correct key lengths. at C:\\Users\\tajda\\Desktop\\software-project\\vendor\\laravel\\framework\\src\\Illuminate\\Encryption\\Encrypter.php:43)
[stacktrace]
#0 C:\\Users\\tajda\\Desktop\\software-project\\vendor\\laravel\\framework\\src\\Illuminate\\Encryption\\EncryptionServiceProvider.php(28): Illuminate\\Encryption\\Encrypter->__construct('eih=u\\xC1\\x9C\\x9D\\xED\\x7F\\xCAXz\\xD7\\xEB...', 'AES-256-CBC')
#1 C:\\Users\\tajda\\Desktop\\software-project\\vendor\\laravel\\framework\\src\\Illuminate\\Container\\Container.php(791): Illuminate\\Encryption\\EncryptionServiceProvider->Illuminate\\Encryption\\{closure}(Object(Illuminate\\Foundation\\Application), Array)
#2 C:\\Users\\tajda\\Desktop\\software-project\\vendor\\laravel\\framework\\src\\Illuminate\\Container\\Container.php(671): Illuminate\\Container\\Container->build(Object(Closure))
#3 C:\\Users\\tajda\\Desktop\\software-project\\vendor\\laravel\\framework\\src\\Illuminate\\Container\\Container.php(619): Illuminate\\Container\\Container->resolve('encrypter', Array)
#4 C:\\Users\\tajda\\Desktop\\software-project\\vendor\\laravel\\framework\\src\\Illuminate\\Foundation\\Application.php(757): Illuminate\\Container\\Container->make('encrypter', Array)
#5 C:\\Users\\tajda\\Desktop\\software-project\\vendor\\laravel\\framework\\src\\Illuminate\\Container\\Container.php(929): Illuminate\\Foundation\\Application->make('encrypter')
#6 C:\\Users\\tajda\\Desktop\\software-project\\vendor\\laravel\\framework\\src\\Illuminate\\Container\\Container.php(857): Illuminate\\Container\\Container->resolveClass(Object(ReflectionParameter))
#7 C:\\Users\\tajda\\Desktop\\software-project\\vendor\\laravel\\framework\\src\\Illuminate\\Container\\Container.php(822): Illuminate\\Container\\Container->resolveDependencies(Array)
#8 C:\\Users\\tajda\\Desktop\\software-project\\vendor\\laravel\\framework\\src\\Illuminate\\Container\\Container.php(671): Illuminate\\Container\\Container->build('App\\\\Http\\\\Middle...')
#9 C:\\Users\\tajda\\Desktop\\software-project\\vendor\\laravel\\framework\\src\\Illuminate\\Container\\Container.php(619): Illuminate\\Container\\Container->resolve('App\\\\Http\\\\Middle...', Array)
#10 C:\\Users\\tajda\\Desktop\\software-project\\vendor\\laravel\\framework\\src\\Illuminate\\Foundation\\Application.php(757): Illuminate\\Container\\Container->make('App\\\\Http\\\\Middle...', Array)
#11 C:\\Users\\tajda\\Desktop\\software-project\\vendor\\laravel\\framework\\src\\Illuminate\\Pipeline\\Pipeline.php(152): Illuminate\\Foundation\\Application->make('App\\\\Http\\\\Middle...')
#12 C:\\Users\\tajda\\Desktop\\software-project\\vendor\\laravel\\framework\\src\\Illuminate\\Routing\\Pipeline.php(53): Illuminate\\Pipeline\\Pipeline->Illuminate\\Pipeline\\{closure}(Object(Illuminate\\Http\\Request))
#13 C:\\Users\\tajda\\Desktop\\software-project\\vendor\\laravel\\framework\\src\\Illuminate\\Pipeline\\Pipeline.php(104): Illuminate\\Routing\\Pipeline->Illuminate\\Routing\\{closure}(Object(Illuminate\\Http\\Request))
#14 C:\\Users\\tajda\\Desktop\\software-project\\vendor\\laravel\\framework\\src\\Illuminate\\Routing\\Router.php(682): Illuminate\\Pipeline\\Pipeline->then(Object(Closure))
#15 C:\\Users\\tajda\\Desktop\\software-project\\vendor\\laravel\\framework\\src\\Illuminate\\Routing\\Router.php(657): Illuminate\\Routing\\Router->runRouteWithinStack(Object(Illuminate\\Routing\\Route), Object(Illuminate\\Http\\Request))
#16 C:\\Users\\tajda\\Desktop\\software-project\\vendor\\laravel\\framework\\src\\Illuminate\\Routing\\Router.php(623): Illuminate\\Routing\\Router->runRoute(Object(Illuminate\\Http\\Request), Object(Illuminate\\Routing\\Route))
#17 C:\\Users\\tajda\\Desktop\\software-project\\vendor\\laravel\\framework\\src\\Illuminate\\Routing\\Router.php(612): Illuminate\\Routing\\Router->dispatchToRoute(Object(Illuminate\\Http\\Request))
#18 C:\\Users\\tajda\\Desktop\\software-project\\vendor\\laravel\\framework\\src\\Illuminate\\Foundation\\Http\\Kernel.php(176): Illuminate\\Routing\\Router->dispatch(Object(Illuminate\\Http\\Request))
#19 C:\\Users\\tajda\\Desktop\\software-project\\vendor\\laravel\\framework\\src\\Illuminate\\Routing\\Pipeline.php(30): Illuminate\\Foundation\\Http\\Kernel->Illuminate\\Foundation\\Http\\{closure}(Object(Illuminate\\Http\\Request))
#20 C:\\Users\\tajda\\Desktop\\software-project\\vendor\\fideloper\\proxy\\src\\TrustProxies.php(57): Illuminate\\Routing\\Pipeline->Illuminate\\Routing\\{closure}(Object(Illuminate\\Http\\Request))
#21 C:\\Users\\tajda\\Desktop\\software-project\\vendor\\laravel\\framework\\src\\Illuminate\\Pipeline\\Pipeline.php(163): Fideloper\\Proxy\\TrustProxies->handle(Object(Illuminate\\Http\\Request), Object(Closure))
#22 C:\\Users\\tajda\\Desktop\\software-project\\vendor\\laravel\\framework\\src\\Illuminate\\Routing\\Pipeline.php(53): Illuminate\\Pipeline\\Pipeline->Illuminate\\Pipeline\\{closure}(Object(Illuminate\\Http\\Request))
#23 C:\\Users\\tajda\\Desktop\\software-project\\vendor\\laravel\\framework\\src\\Illuminate\\Foundation\\Http\\Middleware\\TransformsRequest.php(21): Illuminate\\Routing\\Pipeline->Illuminate\\Routing\\{closure}(Object(Illuminate\\Http\\Request))
#24 C:\\Users\\tajda\\Desktop\\software-project\\vendor\\laravel\\framework\\src\\Illuminate\\Pipeline\\Pipeline.php(163): Illuminate\\Foundation\\Http\\Middleware\\TransformsRequest->handle(Object(Illuminate\\Http\\Request), Object(Closure))
#25 C:\\Users\\tajda\\Desktop\\software-project\\vendor\\laravel\\framework\\src\\Illuminate\\Routing\\Pipeline.php(53): Illuminate\\Pipeline\\Pipeline->Illuminate\\Pipeline\\{closure}(Object(Illuminate\\Http\\Request))
#26 C:\\Users\\tajda\\Desktop\\software-project\\vendor\\laravel\\framework\\src\\Illuminate\\Foundation\\Http\\Middleware\\TransformsRequest.php(21): Illuminate\\Routing\\Pipeline->Illuminate\\Routing\\{closure}(Object(Illuminate\\Http\\Request))
#27 C:\\Users\\tajda\\Desktop\\software-project\\vendor\\laravel\\framework\\src\\Illuminate\\Pipeline\\Pipeline.php(163): Illuminate\\Foundation\\Http\\Middleware\\TransformsRequest->handle(Object(Illuminate\\Http\\Request), Object(Closure))
#28 C:\\Users\\tajda\\Desktop\\software-project\\vendor\\laravel\\framework\\src\\Illuminate\\Routing\\Pipeline.php(53): Illuminate\\Pipeline\\Pipeline->Illuminate\\Pipeline\\{closure}(Object(Illuminate\\Http\\Request))
#29 C:\\Users\\tajda\\Desktop\\software-project\\vendor\\laravel\\framework\\src\\Illuminate\\Foundation\\Http\\Middleware\\ValidatePostSize.php(27): Illuminate\\Routing\\Pipeline->Illuminate\\Routing\\{closure}(Object(Illuminate\\Http\\Request))
#30 C:\\Users\\tajda\\Desktop\\software-project\\vendor\\laravel\\framework\\src\\Illuminate\\Pipeline\\Pipeline.php(163): Illuminate\\Foundation\\Http\\Middleware\\ValidatePostSize->handle(Object(Illuminate\\Http\\Request), Object(Closure))
#31 C:\\Users\\tajda\\Desktop\\software-project\\vendor\\laravel\\framework\\src\\Illuminate\\Routing\\Pipeline.php(53): Illuminate\\Pipeline\\Pipeline->Illuminate\\Pipeline\\{closure}(Object(Illuminate\\Http\\Request))
#32 C:\\Users\\tajda\\Desktop\\software-project\\vendor\\laravel\\framework\\src\\Illuminate\\Foundation\\Http\\Middleware\\CheckForMaintenanceMode.php(62): Illuminate\\Routing\\Pipeline->Illuminate\\Routing\\{closure}(Object(Illuminate\\Http\\Request))
#33 C:\\Users\\tajda\\Desktop\\software-project\\vendor\\laravel\\framework\\src\\Illuminate\\Pipeline\\Pipeline.php(163): Illuminate\\Foundation\\Http\\Middleware\\CheckForMaintenanceMode->handle(Object(Illuminate\\Http\\Request), Object(Closure))
#34 C:\\Users\\tajda\\Desktop\\software-project\\vendor\\laravel\\framework\\src\\Illuminate\\Routing\\Pipeline.php(53): Illuminate\\Pipeline\\Pipeline->Illuminate\\Pipeline\\{closure}(Object(Illuminate\\Http\\Request))
#35 C:\\Users\\tajda\\Desktop\\software-project\\vendor\\laravel\\framework\\src\\Illuminate\\Pipeline\\Pipeline.php(104): Illuminate\\Routing\\Pipeline->Illuminate\\Routing\\{closure}(Object(Illuminate\\Http\\Request))
#36 C:\\Users\\tajda\\Desktop\\software-project\\vendor\\laravel\\framework\\src\\Illuminate\\Foundation\\Http\\Kernel.php(151): Illuminate\\Pipeline\\Pipeline->then(Object(Closure))
#37 C:\\Users\\tajda\\Desktop\\software-project\\vendor\\laravel\\framework\\src\\Illuminate\\Foundation\\Http\\Kernel.php(116): Illuminate\\Foundation\\Http\\Kernel->sendRequestThroughRouter(Object(Illuminate\\Http\\Request))
#38 C:\\Users\\tajda\\Desktop\\software-project\\public\\index.php(55): Illuminate\\Foundation\\Http\\Kernel->handle(Object(Illuminate\\Http\\Request))
#39 C:\\Users\\tajda\\Desktop\\software-project\\server.php(21): require_once('C:\\\\Users\\\\tajda\\\\...')
#40 {main}
"} 
[2019-05-09 18:39:00] local.ERROR: The only supported ciphers are AES-128-CBC and AES-256-CBC with the correct key lengths. {"exception":"[object] (RuntimeException(code: 0): The only supported ciphers are AES-128-CBC and AES-256-CBC with the correct key lengths. at C:\\Users\\tajda\\Desktop\\software-project\\vendor\\laravel\\framework\\src\\Illuminate\\Encryption\\Encrypter.php:43)
[stacktrace]
#0 C:\\Users\\tajda\\Desktop\\software-project\\vendor\\laravel\\framework\\src\\Illuminate\\Encryption\\EncryptionServiceProvider.php(28): Illuminate\\Encryption\\Encrypter->__construct('eih=u\\xC1\\x9C\\x9D\\xED\\x7F\\xCAXz\\xD7\\xEB...', 'AES-256-CBC')
#1 C:\\Users\\tajda\\Desktop\\software-project\\vendor\\laravel\\framework\\src\\Illuminate\\Container\\Container.php(791): Illuminate\\Encryption\\EncryptionServiceProvider->Illuminate\\Encryption\\{closure}(Object(Illuminate\\Foundation\\Application), Array)
#2 C:\\Users\\tajda\\Desktop\\software-project\\vendor\\laravel\\framework\\src\\Illuminate\\Container\\Container.php(671): Illuminate\\Container\\Container->build(Object(Closure))
#3 C:\\Users\\tajda\\Desktop\\software-project\\vendor\\laravel\\framework\\src\\Illuminate\\Container\\Container.php(619): Illuminate\\Container\\Container->resolve('encrypter', Array)
#4 C:\\Users\\tajda\\Desktop\\software-project\\vendor\\laravel\\framework\\src\\Illuminate\\Foundation\\Application.php(757): Illuminate\\Container\\Container->make('encrypter', Array)
#5 C:\\Users\\tajda\\Desktop\\software-project\\vendor\\laravel\\framework\\src\\Illuminate\\Container\\Container.php(929): Illuminate\\Foundation\\Application->make('encrypter')
#6 C:\\Users\\tajda\\Desktop\\software-project\\vendor\\laravel\\framework\\src\\Illuminate\\Container\\Container.php(857): Illuminate\\Container\\Container->resolveClass(Object(ReflectionParameter))
#7 C:\\Users\\tajda\\Desktop\\software-project\\vendor\\laravel\\framework\\src\\Illuminate\\Container\\Container.php(822): Illuminate\\Container\\Container->resolveDependencies(Array)
#8 C:\\Users\\tajda\\Desktop\\software-project\\vendor\\laravel\\framework\\src\\Illuminate\\Container\\Container.php(671): Illuminate\\Container\\Container->build('App\\\\Http\\\\Middle...')
#9 C:\\Users\\tajda\\Desktop\\software-project\\vendor\\laravel\\framework\\src\\Illuminate\\Container\\Container.php(619): Illuminate\\Container\\Container->resolve('App\\\\Http\\\\Middle...', Array)
#10 C:\\Users\\tajda\\Desktop\\software-project\\vendor\\laravel\\framework\\src\\Illuminate\\Foundation\\Application.php(757): Illuminate\\Container\\Container->make('App\\\\Http\\\\Middle...', Array)
#11 C:\\Users\\tajda\\Desktop\\software-project\\vendor\\laravel\\framework\\src\\Illuminate\\Foundation\\Http\\Kernel.php(215): Illuminate\\Foundation\\Application->make('App\\\\Http\\\\Middle...')
#12 C:\\Users\\tajda\\Desktop\\software-project\\vendor\\laravel\\framework\\src\\Illuminate\\Foundation\\Http\\Kernel.php(189): Illuminate\\Foundation\\Http\\Kernel->terminateMiddleware(Object(Illuminate\\Http\\Request), Object(Illuminate\\Http\\Response))
#13 C:\\Users\\tajda\\Desktop\\software-project\\public\\index.php(60): Illuminate\\Foundation\\Http\\Kernel->terminate(Object(Illuminate\\Http\\Request), Object(Illuminate\\Http\\Response))
#14 C:\\Users\\tajda\\Desktop\\software-project\\server.php(21): require_once('C:\\\\Users\\\\tajda\\\\...')
#15 {main}
"} 
[2019-05-09 18:39:31] local.ERROR: The only supported ciphers are AES-128-CBC and AES-256-CBC with the correct key lengths. {"exception":"[object] (RuntimeException(code: 0): The only supported ciphers are AES-128-CBC and AES-256-CBC with the correct key lengths. at C:\\Users\\tajda\\Desktop\\software-project\\vendor\\laravel\\framework\\src\\Illuminate\\Encryption\\Encrypter.php:43)
[stacktrace]
#0 C:\\Users\\tajda\\Desktop\\software-project\\vendor\\laravel\\framework\\src\\Illuminate\\Encryption\\EncryptionServiceProvider.php(28): Illuminate\\Encryption\\Encrypter->__construct('eih=u\\xC1\\x9C\\x9D\\xED\\x7F\\xCAXz\\xD7\\xEB...', 'AES-256-CBC')
#1 C:\\Users\\tajda\\Desktop\\software-project\\vendor\\laravel\\framework\\src\\Illuminate\\Container\\Container.php(791): Illuminate\\Encryption\\EncryptionServiceProvider->Illuminate\\Encryption\\{closure}(Object(Illuminate\\Foundation\\Application), Array)
#2 C:\\Users\\tajda\\Desktop\\software-project\\vendor\\laravel\\framework\\src\\Illuminate\\Container\\Container.php(671): Illuminate\\Container\\Container->build(Object(Closure))
#3 C:\\Users\\tajda\\Desktop\\software-project\\vendor\\laravel\\framework\\src\\Illuminate\\Container\\Container.php(619): Illuminate\\Container\\Container->resolve('encrypter', Array)
#4 C:\\Users\\tajda\\Desktop\\software-project\\vendor\\laravel\\framework\\src\\Illuminate\\Foundation\\Application.php(757): Illuminate\\Container\\Container->make('encrypter', Array)
#5 C:\\Users\\tajda\\Desktop\\software-project\\vendor\\laravel\\framework\\src\\Illuminate\\Container\\Container.php(929): Illuminate\\Foundation\\Application->make('encrypter')
#6 C:\\Users\\tajda\\Desktop\\software-project\\vendor\\laravel\\framework\\src\\Illuminate\\Container\\Container.php(857): Illuminate\\Container\\Container->resolveClass(Object(ReflectionParameter))
#7 C:\\Users\\tajda\\Desktop\\software-project\\vendor\\laravel\\framework\\src\\Illuminate\\Container\\Container.php(822): Illuminate\\Container\\Container->resolveDependencies(Array)
#8 C:\\Users\\tajda\\Desktop\\software-project\\vendor\\laravel\\framework\\src\\Illuminate\\Container\\Container.php(671): Illuminate\\Container\\Container->build('App\\\\Http\\\\Middle...')
#9 C:\\Users\\tajda\\Desktop\\software-project\\vendor\\laravel\\framework\\src\\Illuminate\\Container\\Container.php(619): Illuminate\\Container\\Container->resolve('App\\\\Http\\\\Middle...', Array)
#10 C:\\Users\\tajda\\Desktop\\software-project\\vendor\\laravel\\framework\\src\\Illuminate\\Foundation\\Application.php(757): Illuminate\\Container\\Container->make('App\\\\Http\\\\Middle...', Array)
#11 C:\\Users\\tajda\\Desktop\\software-project\\vendor\\laravel\\framework\\src\\Illuminate\\Pipeline\\Pipeline.php(152): Illuminate\\Foundation\\Application->make('App\\\\Http\\\\Middle...')
#12 C:\\Users\\tajda\\Desktop\\software-project\\vendor\\laravel\\framework\\src\\Illuminate\\Routing\\Pipeline.php(53): Illuminate\\Pipeline\\Pipeline->Illuminate\\Pipeline\\{closure}(Object(Illuminate\\Http\\Request))
#13 C:\\Users\\tajda\\Desktop\\software-project\\vendor\\laravel\\framework\\src\\Illuminate\\Pipeline\\Pipeline.php(104): Illuminate\\Routing\\Pipeline->Illuminate\\Routing\\{closure}(Object(Illuminate\\Http\\Request))
#14 C:\\Users\\tajda\\Desktop\\software-project\\vendor\\laravel\\framework\\src\\Illuminate\\Routing\\Router.php(682): Illuminate\\Pipeline\\Pipeline->then(Object(Closure))
#15 C:\\Users\\tajda\\Desktop\\software-project\\vendor\\laravel\\framework\\src\\Illuminate\\Routing\\Router.php(657): Illuminate\\Routing\\Router->runRouteWithinStack(Object(Illuminate\\Routing\\Route), Object(Illuminate\\Http\\Request))
#16 C:\\Users\\tajda\\Desktop\\software-project\\vendor\\laravel\\framework\\src\\Illuminate\\Routing\\Router.php(623): Illuminate\\Routing\\Router->runRoute(Object(Illuminate\\Http\\Request), Object(Illuminate\\Routing\\Route))
#17 C:\\Users\\tajda\\Desktop\\software-project\\vendor\\laravel\\framework\\src\\Illuminate\\Routing\\Router.php(612): Illuminate\\Routing\\Router->dispatchToRoute(Object(Illuminate\\Http\\Request))
#18 C:\\Users\\tajda\\Desktop\\software-project\\vendor\\laravel\\framework\\src\\Illuminate\\Foundation\\Http\\Kernel.php(176): Illuminate\\Routing\\Router->dispatch(Object(Illuminate\\Http\\Request))
#19 C:\\Users\\tajda\\Desktop\\software-project\\vendor\\laravel\\framework\\src\\Illuminate\\Routing\\Pipeline.php(30): Illuminate\\Foundation\\Http\\Kernel->Illuminate\\Foundation\\Http\\{closure}(Object(Illuminate\\Http\\Request))
#20 C:\\Users\\tajda\\Desktop\\software-project\\vendor\\fideloper\\proxy\\src\\TrustProxies.php(57): Illuminate\\Routing\\Pipeline->Illuminate\\Routing\\{closure}(Object(Illuminate\\Http\\Request))
#21 C:\\Users\\tajda\\Desktop\\software-project\\vendor\\laravel\\framework\\src\\Illuminate\\Pipeline\\Pipeline.php(163): Fideloper\\Proxy\\TrustProxies->handle(Object(Illuminate\\Http\\Request), Object(Closure))
#22 C:\\Users\\tajda\\Desktop\\software-project\\vendor\\laravel\\framework\\src\\Illuminate\\Routing\\Pipeline.php(53): Illuminate\\Pipeline\\Pipeline->Illuminate\\Pipeline\\{closure}(Object(Illuminate\\Http\\Request))
#23 C:\\Users\\tajda\\Desktop\\software-project\\vendor\\laravel\\framework\\src\\Illuminate\\Foundation\\Http\\Middleware\\TransformsRequest.php(21): Illuminate\\Routing\\Pipeline->Illuminate\\Routing\\{closure}(Object(Illuminate\\Http\\Request))
#24 C:\\Users\\tajda\\Desktop\\software-project\\vendor\\laravel\\framework\\src\\Illuminate\\Pipeline\\Pipeline.php(163): Illuminate\\Foundation\\Http\\Middleware\\TransformsRequest->handle(Object(Illuminate\\Http\\Request), Object(Closure))
#25 C:\\Users\\tajda\\Desktop\\software-project\\vendor\\laravel\\framework\\src\\Illuminate\\Routing\\Pipeline.php(53): Illuminate\\Pipeline\\Pipeline->Illuminate\\Pipeline\\{closure}(Object(Illuminate\\Http\\Request))
#26 C:\\Users\\tajda\\Desktop\\software-project\\vendor\\laravel\\framework\\src\\Illuminate\\Foundation\\Http\\Middleware\\TransformsRequest.php(21): Illuminate\\Routing\\Pipeline->Illuminate\\Routing\\{closure}(Object(Illuminate\\Http\\Request))
#27 C:\\Users\\tajda\\Desktop\\software-project\\vendor\\laravel\\framework\\src\\Illuminate\\Pipeline\\Pipeline.php(163): Illuminate\\Foundation\\Http\\Middleware\\TransformsRequest->handle(Object(Illuminate\\Http\\Request), Object(Closure))
#28 C:\\Users\\tajda\\Desktop\\software-project\\vendor\\laravel\\framework\\src\\Illuminate\\Routing\\Pipeline.php(53): Illuminate\\Pipeline\\Pipeline->Illuminate\\Pipeline\\{closure}(Object(Illuminate\\Http\\Request))
#29 C:\\Users\\tajda\\Desktop\\software-project\\vendor\\laravel\\framework\\src\\Illuminate\\Foundation\\Http\\Middleware\\ValidatePostSize.php(27): Illuminate\\Routing\\Pipeline->Illuminate\\Routing\\{closure}(Object(Illuminate\\Http\\Request))
#30 C:\\Users\\tajda\\Desktop\\software-project\\vendor\\laravel\\framework\\src\\Illuminate\\Pipeline\\Pipeline.php(163): Illuminate\\Foundation\\Http\\Middleware\\ValidatePostSize->handle(Object(Illuminate\\Http\\Request), Object(Closure))
#31 C:\\Users\\tajda\\Desktop\\software-project\\vendor\\laravel\\framework\\src\\Illuminate\\Routing\\Pipeline.php(53): Illuminate\\Pipeline\\Pipeline->Illuminate\\Pipeline\\{closure}(Object(Illuminate\\Http\\Request))
#32 C:\\Users\\tajda\\Desktop\\software-project\\vendor\\laravel\\framework\\src\\Illuminate\\Foundation\\Http\\Middleware\\CheckForMaintenanceMode.php(62): Illuminate\\Routing\\Pipeline->Illuminate\\Routing\\{closure}(Object(Illuminate\\Http\\Request))
#33 C:\\Users\\tajda\\Desktop\\software-project\\vendor\\laravel\\framework\\src\\Illuminate\\Pipeline\\Pipeline.php(163): Illuminate\\Foundation\\Http\\Middleware\\CheckForMaintenanceMode->handle(Object(Illuminate\\Http\\Request), Object(Closure))
#34 C:\\Users\\tajda\\Desktop\\software-project\\vendor\\laravel\\framework\\src\\Illuminate\\Routing\\Pipeline.php(53): Illuminate\\Pipeline\\Pipeline->Illuminate\\Pipeline\\{closure}(Object(Illuminate\\Http\\Request))
#35 C:\\Users\\tajda\\Desktop\\software-project\\vendor\\laravel\\framework\\src\\Illuminate\\Pipeline\\Pipeline.php(104): Illuminate\\Routing\\Pipeline->Illuminate\\Routing\\{closure}(Object(Illuminate\\Http\\Request))
#36 C:\\Users\\tajda\\Desktop\\software-project\\vendor\\laravel\\framework\\src\\Illuminate\\Foundation\\Http\\Kernel.php(151): Illuminate\\Pipeline\\Pipeline->then(Object(Closure))
#37 C:\\Users\\tajda\\Desktop\\software-project\\vendor\\laravel\\framework\\src\\Illuminate\\Foundation\\Http\\Kernel.php(116): Illuminate\\Foundation\\Http\\Kernel->sendRequestThroughRouter(Object(Illuminate\\Http\\Request))
#38 C:\\Users\\tajda\\Desktop\\software-project\\public\\index.php(55): Illuminate\\Foundation\\Http\\Kernel->handle(Object(Illuminate\\Http\\Request))
#39 C:\\Users\\tajda\\Desktop\\software-project\\server.php(21): require_once('C:\\\\Users\\\\tajda\\\\...')
#40 {main}
"} 
[2019-05-09 18:39:31] local.ERROR: The only supported ciphers are AES-128-CBC and AES-256-CBC with the correct key lengths. {"exception":"[object] (RuntimeException(code: 0): The only supported ciphers are AES-128-CBC and AES-256-CBC with the correct key lengths. at C:\\Users\\tajda\\Desktop\\software-project\\vendor\\laravel\\framework\\src\\Illuminate\\Encryption\\Encrypter.php:43)
[stacktrace]
#0 C:\\Users\\tajda\\Desktop\\software-project\\vendor\\laravel\\framework\\src\\Illuminate\\Encryption\\EncryptionServiceProvider.php(28): Illuminate\\Encryption\\Encrypter->__construct('eih=u\\xC1\\x9C\\x9D\\xED\\x7F\\xCAXz\\xD7\\xEB...', 'AES-256-CBC')
#1 C:\\Users\\tajda\\Desktop\\software-project\\vendor\\laravel\\framework\\src\\Illuminate\\Container\\Container.php(791): Illuminate\\Encryption\\EncryptionServiceProvider->Illuminate\\Encryption\\{closure}(Object(Illuminate\\Foundation\\Application), Array)
#2 C:\\Users\\tajda\\Desktop\\software-project\\vendor\\laravel\\framework\\src\\Illuminate\\Container\\Container.php(671): Illuminate\\Container\\Container->build(Object(Closure))
#3 C:\\Users\\tajda\\Desktop\\software-project\\vendor\\laravel\\framework\\src\\Illuminate\\Container\\Container.php(619): Illuminate\\Container\\Container->resolve('encrypter', Array)
#4 C:\\Users\\tajda\\Desktop\\software-project\\vendor\\laravel\\framework\\src\\Illuminate\\Foundation\\Application.php(757): Illuminate\\Container\\Container->make('encrypter', Array)
#5 C:\\Users\\tajda\\Desktop\\software-project\\vendor\\laravel\\framework\\src\\Illuminate\\Container\\Container.php(929): Illuminate\\Foundation\\Application->make('encrypter')
#6 C:\\Users\\tajda\\Desktop\\software-project\\vendor\\laravel\\framework\\src\\Illuminate\\Container\\Container.php(857): Illuminate\\Container\\Container->resolveClass(Object(ReflectionParameter))
#7 C:\\Users\\tajda\\Desktop\\software-project\\vendor\\laravel\\framework\\src\\Illuminate\\Container\\Container.php(822): Illuminate\\Container\\Container->resolveDependencies(Array)
#8 C:\\Users\\tajda\\Desktop\\software-project\\vendor\\laravel\\framework\\src\\Illuminate\\Container\\Container.php(671): Illuminate\\Container\\Container->build('App\\\\Http\\\\Middle...')
#9 C:\\Users\\tajda\\Desktop\\software-project\\vendor\\laravel\\framework\\src\\Illuminate\\Container\\Container.php(619): Illuminate\\Container\\Container->resolve('App\\\\Http\\\\Middle...', Array)
#10 C:\\Users\\tajda\\Desktop\\software-project\\vendor\\laravel\\framework\\src\\Illuminate\\Foundation\\Application.php(757): Illuminate\\Container\\Container->make('App\\\\Http\\\\Middle...', Array)
#11 C:\\Users\\tajda\\Desktop\\software-project\\vendor\\laravel\\framework\\src\\Illuminate\\Foundation\\Http\\Kernel.php(215): Illuminate\\Foundation\\Application->make('App\\\\Http\\\\Middle...')
#12 C:\\Users\\tajda\\Desktop\\software-project\\vendor\\laravel\\framework\\src\\Illuminate\\Foundation\\Http\\Kernel.php(189): Illuminate\\Foundation\\Http\\Kernel->terminateMiddleware(Object(Illuminate\\Http\\Request), Object(Illuminate\\Http\\Response))
#13 C:\\Users\\tajda\\Desktop\\software-project\\public\\index.php(60): Illuminate\\Foundation\\Http\\Kernel->terminate(Object(Illuminate\\Http\\Request), Object(Illuminate\\Http\\Response))
#14 C:\\Users\\tajda\\Desktop\\software-project\\server.php(21): require_once('C:\\\\Users\\\\tajda\\\\...')
#15 {main}
"} 
[2019-05-09 18:39:58] local.ERROR: The only supported ciphers are AES-128-CBC and AES-256-CBC with the correct key lengths. {"exception":"[object] (RuntimeException(code: 0): The only supported ciphers are AES-128-CBC and AES-256-CBC with the correct key lengths. at C:\\Users\\tajda\\Desktop\\software-project\\vendor\\laravel\\framework\\src\\Illuminate\\Encryption\\Encrypter.php:43)
[stacktrace]
#0 C:\\Users\\tajda\\Desktop\\software-project\\vendor\\laravel\\framework\\src\\Illuminate\\Encryption\\EncryptionServiceProvider.php(28): Illuminate\\Encryption\\Encrypter->__construct('eih=u\\xC1\\x9C\\x9D\\xED\\x7F\\xCAXz\\xD7\\xEB...', 'AES-256-CBC')
#1 C:\\Users\\tajda\\Desktop\\software-project\\vendor\\laravel\\framework\\src\\Illuminate\\Container\\Container.php(791): Illuminate\\Encryption\\EncryptionServiceProvider->Illuminate\\Encryption\\{closure}(Object(Illuminate\\Foundation\\Application), Array)
#2 C:\\Users\\tajda\\Desktop\\software-project\\vendor\\laravel\\framework\\src\\Illuminate\\Container\\Container.php(671): Illuminate\\Container\\Container->build(Object(Closure))
#3 C:\\Users\\tajda\\Desktop\\software-project\\vendor\\laravel\\framework\\src\\Illuminate\\Container\\Container.php(619): Illuminate\\Container\\Container->resolve('encrypter', Array)
#4 C:\\Users\\tajda\\Desktop\\software-project\\vendor\\laravel\\framework\\src\\Illuminate\\Foundation\\Application.php(757): Illuminate\\Container\\Container->make('encrypter', Array)
#5 C:\\Users\\tajda\\Desktop\\software-project\\vendor\\laravel\\framework\\src\\Illuminate\\Container\\Container.php(929): Illuminate\\Foundation\\Application->make('encrypter')
#6 C:\\Users\\tajda\\Desktop\\software-project\\vendor\\laravel\\framework\\src\\Illuminate\\Container\\Container.php(857): Illuminate\\Container\\Container->resolveClass(Object(ReflectionParameter))
#7 C:\\Users\\tajda\\Desktop\\software-project\\vendor\\laravel\\framework\\src\\Illuminate\\Container\\Container.php(822): Illuminate\\Container\\Container->resolveDependencies(Array)
#8 C:\\Users\\tajda\\Desktop\\software-project\\vendor\\laravel\\framework\\src\\Illuminate\\Container\\Container.php(671): Illuminate\\Container\\Container->build('App\\\\Http\\\\Middle...')
#9 C:\\Users\\tajda\\Desktop\\software-project\\vendor\\laravel\\framework\\src\\Illuminate\\Container\\Container.php(619): Illuminate\\Container\\Container->resolve('App\\\\Http\\\\Middle...', Array)
#10 C:\\Users\\tajda\\Desktop\\software-project\\vendor\\laravel\\framework\\src\\Illuminate\\Foundation\\Application.php(757): Illuminate\\Container\\Container->make('App\\\\Http\\\\Middle...', Array)
#11 C:\\Users\\tajda\\Desktop\\software-project\\vendor\\laravel\\framework\\src\\Illuminate\\Pipeline\\Pipeline.php(152): Illuminate\\Foundation\\Application->make('App\\\\Http\\\\Middle...')
#12 C:\\Users\\tajda\\Desktop\\software-project\\vendor\\laravel\\framework\\src\\Illuminate\\Routing\\Pipeline.php(53): Illuminate\\Pipeline\\Pipeline->Illuminate\\Pipeline\\{closure}(Object(Illuminate\\Http\\Request))
#13 C:\\Users\\tajda\\Desktop\\software-project\\vendor\\laravel\\framework\\src\\Illuminate\\Pipeline\\Pipeline.php(104): Illuminate\\Routing\\Pipeline->Illuminate\\Routing\\{closure}(Object(Illuminate\\Http\\Request))
#14 C:\\Users\\tajda\\Desktop\\software-project\\vendor\\laravel\\framework\\src\\Illuminate\\Routing\\Router.php(682): Illuminate\\Pipeline\\Pipeline->then(Object(Closure))
#15 C:\\Users\\tajda\\Desktop\\software-project\\vendor\\laravel\\framework\\src\\Illuminate\\Routing\\Router.php(657): Illuminate\\Routing\\Router->runRouteWithinStack(Object(Illuminate\\Routing\\Route), Object(Illuminate\\Http\\Request))
#16 C:\\Users\\tajda\\Desktop\\software-project\\vendor\\laravel\\framework\\src\\Illuminate\\Routing\\Router.php(623): Illuminate\\Routing\\Router->runRoute(Object(Illuminate\\Http\\Request), Object(Illuminate\\Routing\\Route))
#17 C:\\Users\\tajda\\Desktop\\software-project\\vendor\\laravel\\framework\\src\\Illuminate\\Routing\\Router.php(612): Illuminate\\Routing\\Router->dispatchToRoute(Object(Illuminate\\Http\\Request))
#18 C:\\Users\\tajda\\Desktop\\software-project\\vendor\\laravel\\framework\\src\\Illuminate\\Foundation\\Http\\Kernel.php(176): Illuminate\\Routing\\Router->dispatch(Object(Illuminate\\Http\\Request))
#19 C:\\Users\\tajda\\Desktop\\software-project\\vendor\\laravel\\framework\\src\\Illuminate\\Routing\\Pipeline.php(30): Illuminate\\Foundation\\Http\\Kernel->Illuminate\\Foundation\\Http\\{closure}(Object(Illuminate\\Http\\Request))
#20 C:\\Users\\tajda\\Desktop\\software-project\\vendor\\fideloper\\proxy\\src\\TrustProxies.php(57): Illuminate\\Routing\\Pipeline->Illuminate\\Routing\\{closure}(Object(Illuminate\\Http\\Request))
#21 C:\\Users\\tajda\\Desktop\\software-project\\vendor\\laravel\\framework\\src\\Illuminate\\Pipeline\\Pipeline.php(163): Fideloper\\Proxy\\TrustProxies->handle(Object(Illuminate\\Http\\Request), Object(Closure))
#22 C:\\Users\\tajda\\Desktop\\software-project\\vendor\\laravel\\framework\\src\\Illuminate\\Routing\\Pipeline.php(53): Illuminate\\Pipeline\\Pipeline->Illuminate\\Pipeline\\{closure}(Object(Illuminate\\Http\\Request))
#23 C:\\Users\\tajda\\Desktop\\software-project\\vendor\\laravel\\framework\\src\\Illuminate\\Foundation\\Http\\Middleware\\TransformsRequest.php(21): Illuminate\\Routing\\Pipeline->Illuminate\\Routing\\{closure}(Object(Illuminate\\Http\\Request))
#24 C:\\Users\\tajda\\Desktop\\software-project\\vendor\\laravel\\framework\\src\\Illuminate\\Pipeline\\Pipeline.php(163): Illuminate\\Foundation\\Http\\Middleware\\TransformsRequest->handle(Object(Illuminate\\Http\\Request), Object(Closure))
#25 C:\\Users\\tajda\\Desktop\\software-project\\vendor\\laravel\\framework\\src\\Illuminate\\Routing\\Pipeline.php(53): Illuminate\\Pipeline\\Pipeline->Illuminate\\Pipeline\\{closure}(Object(Illuminate\\Http\\Request))
#26 C:\\Users\\tajda\\Desktop\\software-project\\vendor\\laravel\\framework\\src\\Illuminate\\Foundation\\Http\\Middleware\\TransformsRequest.php(21): Illuminate\\Routing\\Pipeline->Illuminate\\Routing\\{closure}(Object(Illuminate\\Http\\Request))
#27 C:\\Users\\tajda\\Desktop\\software-project\\vendor\\laravel\\framework\\src\\Illuminate\\Pipeline\\Pipeline.php(163): Illuminate\\Foundation\\Http\\Middleware\\TransformsRequest->handle(Object(Illuminate\\Http\\Request), Object(Closure))
#28 C:\\Users\\tajda\\Desktop\\software-project\\vendor\\laravel\\framework\\src\\Illuminate\\Routing\\Pipeline.php(53): Illuminate\\Pipeline\\Pipeline->Illuminate\\Pipeline\\{closure}(Object(Illuminate\\Http\\Request))
#29 C:\\Users\\tajda\\Desktop\\software-project\\vendor\\laravel\\framework\\src\\Illuminate\\Foundation\\Http\\Middleware\\ValidatePostSize.php(27): Illuminate\\Routing\\Pipeline->Illuminate\\Routing\\{closure}(Object(Illuminate\\Http\\Request))
#30 C:\\Users\\tajda\\Desktop\\software-project\\vendor\\laravel\\framework\\src\\Illuminate\\Pipeline\\Pipeline.php(163): Illuminate\\Foundation\\Http\\Middleware\\ValidatePostSize->handle(Object(Illuminate\\Http\\Request), Object(Closure))
#31 C:\\Users\\tajda\\Desktop\\software-project\\vendor\\laravel\\framework\\src\\Illuminate\\Routing\\Pipeline.php(53): Illuminate\\Pipeline\\Pipeline->Illuminate\\Pipeline\\{closure}(Object(Illuminate\\Http\\Request))
#32 C:\\Users\\tajda\\Desktop\\software-project\\vendor\\laravel\\framework\\src\\Illuminate\\Foundation\\Http\\Middleware\\CheckForMaintenanceMode.php(62): Illuminate\\Routing\\Pipeline->Illuminate\\Routing\\{closure}(Object(Illuminate\\Http\\Request))
#33 C:\\Users\\tajda\\Desktop\\software-project\\vendor\\laravel\\framework\\src\\Illuminate\\Pipeline\\Pipeline.php(163): Illuminate\\Foundation\\Http\\Middleware\\CheckForMaintenanceMode->handle(Object(Illuminate\\Http\\Request), Object(Closure))
#34 C:\\Users\\tajda\\Desktop\\software-project\\vendor\\laravel\\framework\\src\\Illuminate\\Routing\\Pipeline.php(53): Illuminate\\Pipeline\\Pipeline->Illuminate\\Pipeline\\{closure}(Object(Illuminate\\Http\\Request))
#35 C:\\Users\\tajda\\Desktop\\software-project\\vendor\\laravel\\framework\\src\\Illuminate\\Pipeline\\Pipeline.php(104): Illuminate\\Routing\\Pipeline->Illuminate\\Routing\\{closure}(Object(Illuminate\\Http\\Request))
#36 C:\\Users\\tajda\\Desktop\\software-project\\vendor\\laravel\\framework\\src\\Illuminate\\Foundation\\Http\\Kernel.php(151): Illuminate\\Pipeline\\Pipeline->then(Object(Closure))
#37 C:\\Users\\tajda\\Desktop\\software-project\\vendor\\laravel\\framework\\src\\Illuminate\\Foundation\\Http\\Kernel.php(116): Illuminate\\Foundation\\Http\\Kernel->sendRequestThroughRouter(Object(Illuminate\\Http\\Request))
#38 C:\\Users\\tajda\\Desktop\\software-project\\public\\index.php(55): Illuminate\\Foundation\\Http\\Kernel->handle(Object(Illuminate\\Http\\Request))
#39 C:\\Users\\tajda\\Desktop\\software-project\\server.php(21): require_once('C:\\\\Users\\\\tajda\\\\...')
#40 {main}
"} 
[2019-05-09 18:39:58] local.ERROR: The only supported ciphers are AES-128-CBC and AES-256-CBC with the correct key lengths. {"exception":"[object] (RuntimeException(code: 0): The only supported ciphers are AES-128-CBC and AES-256-CBC with the correct key lengths. at C:\\Users\\tajda\\Desktop\\software-project\\vendor\\laravel\\framework\\src\\Illuminate\\Encryption\\Encrypter.php:43)
[stacktrace]
#0 C:\\Users\\tajda\\Desktop\\software-project\\vendor\\laravel\\framework\\src\\Illuminate\\Encryption\\EncryptionServiceProvider.php(28): Illuminate\\Encryption\\Encrypter->__construct('eih=u\\xC1\\x9C\\x9D\\xED\\x7F\\xCAXz\\xD7\\xEB...', 'AES-256-CBC')
#1 C:\\Users\\tajda\\Desktop\\software-project\\vendor\\laravel\\framework\\src\\Illuminate\\Container\\Container.php(791): Illuminate\\Encryption\\EncryptionServiceProvider->Illuminate\\Encryption\\{closure}(Object(Illuminate\\Foundation\\Application), Array)
#2 C:\\Users\\tajda\\Desktop\\software-project\\vendor\\laravel\\framework\\src\\Illuminate\\Container\\Container.php(671): Illuminate\\Container\\Container->build(Object(Closure))
#3 C:\\Users\\tajda\\Desktop\\software-project\\vendor\\laravel\\framework\\src\\Illuminate\\Container\\Container.php(619): Illuminate\\Container\\Container->resolve('encrypter', Array)
#4 C:\\Users\\tajda\\Desktop\\software-project\\vendor\\laravel\\framework\\src\\Illuminate\\Foundation\\Application.php(757): Illuminate\\Container\\Container->make('encrypter', Array)
#5 C:\\Users\\tajda\\Desktop\\software-project\\vendor\\laravel\\framework\\src\\Illuminate\\Container\\Container.php(929): Illuminate\\Foundation\\Application->make('encrypter')
#6 C:\\Users\\tajda\\Desktop\\software-project\\vendor\\laravel\\framework\\src\\Illuminate\\Container\\Container.php(857): Illuminate\\Container\\Container->resolveClass(Object(ReflectionParameter))
#7 C:\\Users\\tajda\\Desktop\\software-project\\vendor\\laravel\\framework\\src\\Illuminate\\Container\\Container.php(822): Illuminate\\Container\\Container->resolveDependencies(Array)
#8 C:\\Users\\tajda\\Desktop\\software-project\\vendor\\laravel\\framework\\src\\Illuminate\\Container\\Container.php(671): Illuminate\\Container\\Container->build('App\\\\Http\\\\Middle...')
#9 C:\\Users\\tajda\\Desktop\\software-project\\vendor\\laravel\\framework\\src\\Illuminate\\Container\\Container.php(619): Illuminate\\Container\\Container->resolve('App\\\\Http\\\\Middle...', Array)
#10 C:\\Users\\tajda\\Desktop\\software-project\\vendor\\laravel\\framework\\src\\Illuminate\\Foundation\\Application.php(757): Illuminate\\Container\\Container->make('App\\\\Http\\\\Middle...', Array)
#11 C:\\Users\\tajda\\Desktop\\software-project\\vendor\\laravel\\framework\\src\\Illuminate\\Foundation\\Http\\Kernel.php(215): Illuminate\\Foundation\\Application->make('App\\\\Http\\\\Middle...')
#12 C:\\Users\\tajda\\Desktop\\software-project\\vendor\\laravel\\framework\\src\\Illuminate\\Foundation\\Http\\Kernel.php(189): Illuminate\\Foundation\\Http\\Kernel->terminateMiddleware(Object(Illuminate\\Http\\Request), Object(Illuminate\\Http\\Response))
#13 C:\\Users\\tajda\\Desktop\\software-project\\public\\index.php(60): Illuminate\\Foundation\\Http\\Kernel->terminate(Object(Illuminate\\Http\\Request), Object(Illuminate\\Http\\Response))
#14 C:\\Users\\tajda\\Desktop\\software-project\\server.php(21): require_once('C:\\\\Users\\\\tajda\\\\...')
#15 {main}
"} 
